#
# A fatal error has been detected by the Java Runtime Environment:
#
#  Internal Error (javaClasses.cpp:129), pid=12496, tid=139880355415808
#  fatal error: Invalid layout of preloaded class
#
# JRE version: 7.0_25-b30
# Java VM: OpenJDK 64-Bit Server VM (23.7-b01 mixed mode linux-amd64 compressed oops)
# Failed to write core dump. Core dumps have been disabled. To enable core dumping, try "ulimit -c unlimited" before starting Java again
#
# If you would like to submit a bug report, please include
# instructions on how to reproduce the bug and visit:
#   https://bugs.launchpad.net/ubuntu/+source/openjdk-7/
#

---------------  T H R E A D  ---------------

Current thread (0x00007f3868009000):  JavaThread "Unknown thread" [_thread_in_vm, id=12498, stack(0x00007f386ed54000,0x00007f386ee55000)]

Stack: [0x00007f386ed54000,0x00007f386ee55000],  sp=0x00007f386ee53940,  free space=1022k
Native frames: (J=compiled Java code, j=interpreted, Vv=VM code, C=native code)
V  [libjvm.so+0x87092b]  VMError::report_and_die()+0x16b
V  [libjvm.so+0x3edba4]  report_fatal(char const*, int, char const*)+0x54
V  [libjvm.so+0x52fc52]  compute_offset(int&, klassOopDesc*, Symbol*, Symbol*, bool) [clone .constprop.123]+0x102
V  [libjvm.so+0x5303d6]  java_lang_String::compute_offsets()+0x36
V  [libjvm.so+0x7fcc3a]  SystemDictionary::initialize_preloaded_classes(Thread*)+0xaa
V  [libjvm.so+0x848f18]  Universe::genesis(Thread*)+0x458
V  [libjvm.so+0x849524]  universe2_init()+0x24
V  [libjvm.so+0x4e566a]  init_globals()+0x9a
V  [libjvm.so+0x82d702]  Threads::create_vm(JavaVMInitArgs*, bool*)+0x3a2
V  [libjvm.so+0x54e7fd]  JNI_CreateJavaVM+0x4d
C  [libjli.so+0x2b18]  __strcat_chk+0x2b18


---------------  P R O C E S S  ---------------

Java Threads: ( => current thread )

Other Threads:

=>0x00007f3868009000 (exited) JavaThread "Unknown thread" [_thread_in_vm, id=12498, stack(0x00007f386ed54000,0x00007f386ee55000)]

VM state:not at safepoint (not fully initialized)

VM Mutex/Monitor currently owned by a thread: None

GC Heap History (0 events):
No events

Deoptimization events (0 events):
No events

Internal exceptions (0 events):
No events

Events (10 events):
Event: 0.013 loading class 0x00007f386802ae00 done
Event: 0.014 loading class 0x00007f386802a6a0 done
Event: 0.014 loading class 0x00007f386802a670
Event: 0.014 loading class 0x00007f3868055e80
Event: 0.014 loading class 0x00007f3868055e80 done
Event: 0.014 loading class 0x00007f3868055ec0
Event: 0.014 loading class 0x00007f3868055ec0 done
Event: 0.014 loading class 0x00007f3868055f00
Event: 0.014 loading class 0x00007f3868055f00 done
Event: 0.014 loading class 0x00007f386802a670 done


Dynamic libraries:
00400000-00401000 r-xp 00000000 08:06 3550792                            /usr/lib/jvm/java-7-openjdk-amd64/jre/bin/java
00600000-00601000 r--p 00000000 08:06 3550792                            /usr/lib/jvm/java-7-openjdk-amd64/jre/bin/java
00601000-00602000 rw-p 00001000 08:06 3550792                            /usr/lib/jvm/java-7-openjdk-amd64/jre/bin/java
018cb000-018ec000 rw-p 00000000 00:00 0                                  [heap]
b9e00000-bb2c0000 rw-p 00000000 00:00 0 
bb2c0000-c4400000 rw-p 00000000 00:00 0 
c4400000-c6bd0000 rw-p 00000000 00:00 0 
c6bd0000-ec160000 rw-p 00000000 00:00 0 
ec160000-ed540000 rw-p 00000000 00:00 0 
ed540000-100000000 rw-p 00000000 00:00 0 
7f3848000000-7f3848021000 rw-p 00000000 00:00 0 
7f3848021000-7f384c000000 ---p 00000000 00:00 0 
7f3850000000-7f3850021000 rw-p 00000000 00:00 0 
7f3850021000-7f3854000000 ---p 00000000 00:00 0 
7f3858000000-7f3858021000 rw-p 00000000 00:00 0 
7f3858021000-7f385c000000 ---p 00000000 00:00 0 
7f385d2f4000-7f3860000000 rw-p 00000000 00:00 0 
7f3860000000-7f3860021000 rw-p 00000000 00:00 0 
7f3860021000-7f3864000000 ---p 00000000 00:00 0 
7f38640d1000-7f3864192000 rw-p 00000000 00:00 0 
7f3864192000-7f3864269000 r--s 013f2000 08:06 1197657                    /home/alex/Documents/Android sdk/platforms/android-19/android.jar
7f3864269000-7f386426a000 ---p 00000000 00:00 0 
7f386426a000-7f386436a000 rw-p 00000000 00:00 0                          [stack:12505]
7f386436a000-7f386436b000 ---p 00000000 00:00 0 
7f386436b000-7f386446b000 rw-p 00000000 00:00 0                          [stack:12504]
7f386446b000-7f386446c000 ---p 00000000 00:00 0 
7f386446c000-7f386456c000 rw-p 00000000 00:00 0                          [stack:12503]
7f386456c000-7f386456d000 ---p 00000000 00:00 0 
7f386456d000-7f3864681000 rw-p 00000000 00:00 0                          [stack:12502]
7f3864681000-7f38647ac000 rw-p 00000000 00:00 0 
7f38647ac000-7f38647b7000 rw-p 00000000 00:00 0 
7f38647b7000-7f38647ff000 rw-p 00000000 00:00 0 
7f38647ff000-7f3864813000 rw-p 00000000 00:00 0 
7f3864813000-7f386493d000 rw-p 00000000 00:00 0 
7f386493d000-7f3864948000 rw-p 00000000 00:00 0 
7f3864948000-7f38649dd000 rw-p 00000000 00:00 0 
7f38649dd000-7f38649de000 rw-p 00000000 00:00 0 
7f38649de000-7f3864c4e000 rwxp 00000000 00:00 0 
7f3864c4e000-7f38679de000 rw-p 00000000 00:00 0 
7f38679de000-7f38679e6000 r-xp 00000000 08:06 3550790                    /usr/lib/jvm/java-7-openjdk-amd64/jre/lib/amd64/libzip.so
7f38679e6000-7f3867be5000 ---p 00008000 08:06 3550790                    /usr/lib/jvm/java-7-openjdk-amd64/jre/lib/amd64/libzip.so
7f3867be5000-7f3867be6000 r--p 00007000 08:06 3550790                    /usr/lib/jvm/java-7-openjdk-amd64/jre/lib/amd64/libzip.so
7f3867be6000-7f3867be7000 rw-p 00008000 08:06 3550790                    /usr/lib/jvm/java-7-openjdk-amd64/jre/lib/amd64/libzip.so
7f3867be7000-7f3867bf3000 r-xp 00000000 08:06 3163503                    /lib/x86_64-linux-gnu/libnss_files-2.17.so
7f3867bf3000-7f3867df2000 ---p 0000c000 08:06 3163503                    /lib/x86_64-linux-gnu/libnss_files-2.17.so
7f3867df2000-7f3867df3000 r--p 0000b000 08:06 3163503                    /lib/x86_64-linux-gnu/libnss_files-2.17.so
7f3867df3000-7f3867df4000 rw-p 0000c000 08:06 3163503                    /lib/x86_64-linux-gnu/libnss_files-2.17.so
7f3867df4000-7f3867dff000 r-xp 00000000 08:06 3162743                    /lib/x86_64-linux-gnu/libnss_nis-2.17.so
7f3867dff000-7f3867ffe000 ---p 0000b000 08:06 3162743                    /lib/x86_64-linux-gnu/libnss_nis-2.17.so
7f3867ffe000-7f3867fff000 r--p 0000a000 08:06 3162743                    /lib/x86_64-linux-gnu/libnss_nis-2.17.so
7f3867fff000-7f3868000000 rw-p 0000b000 08:06 3162743                    /lib/x86_64-linux-gnu/libnss_nis-2.17.so
7f3868000000-7f3868060000 rw-p 00000000 00:00 0 
7f3868060000-7f386c000000 ---p 00000000 00:00 0 
7f386c035000-7f386c0a2000 rw-p 00000000 00:00 0 
7f386c0a2000-7f386c0ea000 rw-p 00000000 00:00 0 
7f386c0ea000-7f386c101000 r-xp 00000000 08:06 3151920                    /lib/x86_64-linux-gnu/libnsl-2.17.so
7f386c101000-7f386c300000 ---p 00017000 08:06 3151920                    /lib/x86_64-linux-gnu/libnsl-2.17.so
7f386c300000-7f386c301000 r--p 00016000 08:06 3151920                    /lib/x86_64-linux-gnu/libnsl-2.17.so
7f386c301000-7f386c302000 rw-p 00017000 08:06 3151920                    /lib/x86_64-linux-gnu/libnsl-2.17.so
7f386c302000-7f386c304000 rw-p 00000000 00:00 0 
7f386c304000-7f386c30c000 r-xp 00000000 08:06 3158056                    /lib/x86_64-linux-gnu/libnss_compat-2.17.so
7f386c30c000-7f386c50b000 ---p 00008000 08:06 3158056                    /lib/x86_64-linux-gnu/libnss_compat-2.17.so
7f386c50b000-7f386c50c000 r--p 00007000 08:06 3158056                    /lib/x86_64-linux-gnu/libnss_compat-2.17.so
7f386c50c000-7f386c50d000 rw-p 00008000 08:06 3158056                    /lib/x86_64-linux-gnu/libnss_compat-2.17.so
7f386c50d000-7f386c538000 r-xp 00000000 08:06 3550773                    /usr/lib/jvm/java-7-openjdk-amd64/jre/lib/amd64/libjava.so
7f386c538000-7f386c737000 ---p 0002b000 08:06 3550773                    /usr/lib/jvm/java-7-openjdk-amd64/jre/lib/amd64/libjava.so
7f386c737000-7f386c738000 r--p 0002a000 08:06 3550773                    /usr/lib/jvm/java-7-openjdk-amd64/jre/lib/amd64/libjava.so
7f386c738000-7f386c73a000 rw-p 0002b000 08:06 3550773                    /usr/lib/jvm/java-7-openjdk-amd64/jre/lib/amd64/libjava.so
7f386c73a000-7f386c74a000 r-xp 00000000 08:06 3550772                    /usr/lib/jvm/java-7-openjdk-amd64/jre/lib/amd64/libverify.so
7f386c74a000-7f386c949000 ---p 00010000 08:06 3550772                    /usr/lib/jvm/java-7-openjdk-amd64/jre/lib/amd64/libverify.so
7f386c949000-7f386c94b000 r--p 0000f000 08:06 3550772                    /usr/lib/jvm/java-7-openjdk-amd64/jre/lib/amd64/libverify.so
7f386c94b000-7f386c94c000 rw-p 00011000 08:06 3550772                    /usr/lib/jvm/java-7-openjdk-amd64/jre/lib/amd64/libverify.so
7f386c94c000-7f386c953000 r-xp 00000000 08:06 3163504                    /lib/x86_64-linux-gnu/librt-2.17.so
7f386c953000-7f386cb52000 ---p 00007000 08:06 3163504                    /lib/x86_64-linux-gnu/librt-2.17.so
7f386cb52000-7f386cb53000 r--p 00006000 08:06 3163504                    /lib/x86_64-linux-gnu/librt-2.17.so
7f386cb53000-7f386cb54000 rw-p 00007000 08:06 3163504                    /lib/x86_64-linux-gnu/librt-2.17.so
7f386cb54000-7f386cb69000 r-xp 00000000 08:06 3156953                    /lib/x86_64-linux-gnu/libgcc_s.so.1
7f386cb69000-7f386cd68000 ---p 00015000 08:06 3156953                    /lib/x86_64-linux-gnu/libgcc_s.so.1
7f386cd68000-7f386cd69000 r--p 00014000 08:06 3156953                    /lib/x86_64-linux-gnu/libgcc_s.so.1
7f386cd69000-7f386cd6a000 rw-p 00015000 08:06 3156953                    /lib/x86_64-linux-gnu/libgcc_s.so.1
7f386cd6a000-7f386ce6d000 r-xp 00000000 08:06 3158062                    /lib/x86_64-linux-gnu/libm-2.17.so
7f386ce6d000-7f386d06c000 ---p 00103000 08:06 3158062                    /lib/x86_64-linux-gnu/libm-2.17.so
7f386d06c000-7f386d06d000 r--p 00102000 08:06 3158062                    /lib/x86_64-linux-gnu/libm-2.17.so
7f386d06d000-7f386d06e000 rw-p 00103000 08:06 3158062                    /lib/x86_64-linux-gnu/libm-2.17.so
7f386d06e000-7f386d154000 r-xp 00000000 08:06 3545989                    /usr/lib/x86_64-linux-gnu/libstdc++.so.6.0.18
7f386d154000-7f386d353000 ---p 000e6000 08:06 3545989                    /usr/lib/x86_64-linux-gnu/libstdc++.so.6.0.18
7f386d353000-7f386d35b000 r--p 000e5000 08:06 3545989                    /usr/lib/x86_64-linux-gnu/libstdc++.so.6.0.18
7f386d35b000-7f386d35d000 rw-p 000ed000 08:06 3545989                    /usr/lib/x86_64-linux-gnu/libstdc++.so.6.0.18
7f386d35d000-7f386d372000 rw-p 00000000 00:00 0 
7f386d372000-7f386dd80000 r-xp 00000000 08:06 3550777                    /usr/lib/jvm/java-7-openjdk-amd64/jre/lib/amd64/server/libjvm.so
7f386dd80000-7f386df7f000 ---p 00a0e000 08:06 3550777                    /usr/lib/jvm/java-7-openjdk-amd64/jre/lib/amd64/server/libjvm.so
7f386df7f000-7f386dff8000 r--p 00a0d000 08:06 3550777                    /usr/lib/jvm/java-7-openjdk-amd64/jre/lib/amd64/server/libjvm.so
7f386dff8000-7f386e01b000 rw-p 00a86000 08:06 3550777                    /usr/lib/jvm/java-7-openjdk-amd64/jre/lib/amd64/server/libjvm.so
7f386e01b000-7f386e046000 rw-p 00000000 00:00 0 
7f386e046000-7f386e05e000 r-xp 00000000 08:06 3155625                    /lib/x86_64-linux-gnu/libz.so.1.2.8
7f386e05e000-7f386e25d000 ---p 00018000 08:06 3155625                    /lib/x86_64-linux-gnu/libz.so.1.2.8
7f386e25d000-7f386e25e000 r--p 00017000 08:06 3155625                    /lib/x86_64-linux-gnu/libz.so.1.2.8
7f386e25e000-7f386e25f000 rw-p 00018000 08:06 3155625                    /lib/x86_64-linux-gnu/libz.so.1.2.8
7f386e25f000-7f386e276000 r-xp 00000000 08:06 3163511                    /lib/x86_64-linux-gnu/libpthread-2.17.so
7f386e276000-7f386e476000 ---p 00017000 08:06 3163511                    /lib/x86_64-linux-gnu/libpthread-2.17.so
7f386e476000-7f386e477000 r--p 00017000 08:06 3163511                    /lib/x86_64-linux-gnu/libpthread-2.17.so
7f386e477000-7f386e478000 rw-p 00018000 08:06 3163511                    /lib/x86_64-linux-gnu/libpthread-2.17.so
7f386e478000-7f386e47c000 rw-p 00000000 00:00 0 
7f386e47c000-7f386e47f000 r-xp 00000000 08:06 3163510                    /lib/x86_64-linux-gnu/libdl-2.17.so
7f386e47f000-7f386e67e000 ---p 00003000 08:06 3163510                    /lib/x86_64-linux-gnu/libdl-2.17.so
7f386e67e000-7f386e67f000 r--p 00002000 08:06 3163510                    /lib/x86_64-linux-gnu/libdl-2.17.so
7f386e67f000-7f386e680000 rw-p 00003000 08:06 3163510                    /lib/x86_64-linux-gnu/libdl-2.17.so
7f386e680000-7f386e83d000 r-xp 00000000 08:06 3163509                    /lib/x86_64-linux-gnu/libc-2.17.so
7f386e83d000-7f386ea3d000 ---p 001bd000 08:06 3163509                    /lib/x86_64-linux-gnu/libc-2.17.so
7f386ea3d000-7f386ea41000 r--p 001bd000 08:06 3163509                    /lib/x86_64-linux-gnu/libc-2.17.so
7f386ea41000-7f386ea43000 rw-p 001c1000 08:06 3163509                    /lib/x86_64-linux-gnu/libc-2.17.so
7f386ea43000-7f386ea48000 rw-p 00000000 00:00 0 
7f386ea48000-7f386ea55000 r-xp 00000000 08:06 3550755                    /usr/lib/jvm/java-7-openjdk-amd64/jre/lib/amd64/jli/libjli.so
7f386ea55000-7f386ec54000 ---p 0000d000 08:06 3550755                    /usr/lib/jvm/java-7-openjdk-amd64/jre/lib/amd64/jli/libjli.so
7f386ec54000-7f386ec55000 r--p 0000c000 08:06 3550755                    /usr/lib/jvm/java-7-openjdk-amd64/jre/lib/amd64/jli/libjli.so
7f386ec55000-7f386ec56000 rw-p 0000d000 08:06 3550755                    /usr/lib/jvm/java-7-openjdk-amd64/jre/lib/amd64/jli/libjli.so
7f386ec56000-7f386ec79000 r-xp 00000000 08:06 3158065                    /lib/x86_64-linux-gnu/ld-2.17.so
7f386ec94000-7f386ec9e000 rw-p 00000000 00:00 0 
7f386ec9e000-7f386ed54000 rw-p 00000000 00:00 0 
7f386ed54000-7f386ed57000 ---p 00000000 00:00 0 
7f386ed57000-7f386ee5a000 rw-p 00000000 00:00 0                          [stack:12498]
7f386ee6a000-7f386ee6c000 rw-p 00000000 00:00 0 
7f386ee6c000-7f386ee74000 rw-s 00000000 08:06 1980112                    /tmp/hsperfdata_alex/12496
7f386ee74000-7f386ee75000 rw-p 00000000 00:00 0 
7f386ee75000-7f386ee76000 r--p 00000000 00:00 0 
7f386ee76000-7f386ee78000 rw-p 00000000 00:00 0 
7f386ee78000-7f386ee79000 r--p 00022000 08:06 3158065                    /lib/x86_64-linux-gnu/ld-2.17.so
7f386ee79000-7f386ee7b000 rw-p 00023000 08:06 3158065                    /lib/x86_64-linux-gnu/ld-2.17.so
7fffd4927000-7fffd4948000 rw-p 00000000 00:00 0                          [stack]
7fffd4974000-7fffd4976000 r-xp 00000000 00:00 0                          [vdso]
ffffffffff600000-ffffffffff601000 r-xp 00000000 00:00 0                  [vsyscall]

VM Arguments:
jvm_args: -Dfile.encoding=UTF-8 -Xbootclasspath:/home/alex/Documents/Android sdk/platforms/android-19/android.jar 
java_command: uk.org.sucu.tatupload.message.Parser
Launcher Type: SUN_STANDARD

Environment Variables:
PATH=/usr/lib/lightdm/lightdm:/usr/local/sbin:/usr/local/bin:/usr/sbin:/usr/bin:/sbin:/bin:/usr/games:/usr/local/games
SHELL=/bin/bash
DISPLAY=:0.0

Signal Handlers:
SIGSEGV: [libjvm.so+0x871410], sa_mask[0]=0x7ffbfeff, sa_flags=0x10000004
SIGBUS: [libjvm.so+0x871410], sa_mask[0]=0x7ffbfeff, sa_flags=0x10000004
SIGFPE: [libjvm.so+0x709540], sa_mask[0]=0x7ffbfeff, sa_flags=0x10000004
SIGPIPE: [libjvm.so+0x709540], sa_mask[0]=0x7ffbfeff, sa_flags=0x10000004
SIGXFSZ: [libjvm.so+0x709540], sa_mask[0]=0x7ffbfeff, sa_flags=0x10000004
SIGILL: [libjvm.so+0x709540], sa_mask[0]=0x7ffbfeff, sa_flags=0x10000004
SIGUSR1: SIG_DFL, sa_mask[0]=0x00000000, sa_flags=0x00000000
SIGUSR2: [libjvm.so+0x709270], sa_mask[0]=0x00000004, sa_flags=0x10000004
SIGHUP: SIG_DFL, sa_mask[0]=0x00000000, sa_flags=0x00000000
SIGINT: SIG_DFL, sa_mask[0]=0x00000000, sa_flags=0x00000000
SIGTERM: SIG_DFL, sa_mask[0]=0x00000000, sa_flags=0x00000000
SIGQUIT: SIG_DFL, sa_mask[0]=0x00000000, sa_flags=0x00000000


---------------  S Y S T E M  ---------------

OS:Ubuntu 13.10 (saucy)
uname:Linux 3.11.0-14-generic #21-Ubuntu SMP Tue Nov 12 17:04:55 UTC 2013 x86_64
libc:glibc 2.17 NPTL 2.17 
rlimit: STACK 8192k, CORE 0k, NPROC 30374, NOFILE 4096, AS infinity
load average:0.70 0.53 0.46

/proc/meminfo:
MemTotal:        3908128 kB
MemFree:          263976 kB
Buffers:          122600 kB
Cached:          1739684 kB
SwapCached:            0 kB
Active:          2459652 kB
Inactive:         877964 kB
Active(anon):    1478384 kB
Inactive(anon):     5872 kB
Active(file):     981268 kB
Inactive(file):   872092 kB
Unevictable:          48 kB
Mlocked:              48 kB
SwapTotal:             0 kB
SwapFree:              0 kB
Dirty:               196 kB
Writeback:             0 kB
AnonPages:       1475348 kB
Mapped:           188068 kB
Shmem:              8924 kB
Slab:             207132 kB
SReclaimable:     171720 kB
SUnreclaim:        35412 kB
KernelStack:        5176 kB
PageTables:        39416 kB
NFS_Unstable:          0 kB
Bounce:                0 kB
WritebackTmp:          0 kB
CommitLimit:     1954064 kB
Committed_AS:    5577228 kB
VmallocTotal:   34359738367 kB
VmallocUsed:      284944 kB
VmallocChunk:   34359450392 kB
HardwareCorrupted:     0 kB
AnonHugePages:         0 kB
HugePages_Total:       0
HugePages_Free:        0
HugePages_Rsvd:        0
HugePages_Surp:        0
Hugepagesize:       2048 kB
DirectMap4k:       48020 kB
DirectMap2M:     4003840 kB


CPU:total 4 (2 cores per cpu, 2 threads per core) family 6 model 37 stepping 2, cmov, cx8, fxsr, mmx, sse, sse2, sse3, ssse3, sse4.1, sse4.2, popcnt, ht, tsc, tscinvbit

/proc/cpuinfo:
processor	: 0
vendor_id	: GenuineIntel
cpu family	: 6
model		: 37
model name	: Intel(R) Core(TM) i3 CPU       M 330  @ 2.13GHz
stepping	: 2
microcode	: 0x8
cpu MHz		: 2133.000
cache size	: 3072 KB
physical id	: 0
siblings	: 4
core id		: 0
cpu cores	: 2
apicid		: 0
initial apicid	: 0
fpu		: yes
fpu_exception	: yes
cpuid level	: 11
wp		: yes
flags		: fpu vme de pse tsc msr pae mce cx8 apic sep mtrr pge mca cmov pat pse36 clflush dts acpi mmx fxsr sse sse2 ss ht tm pbe syscall nx rdtscp lm constant_tsc arch_perfmon pebs bts rep_good nopl xtopology nonstop_tsc aperfmperf pni dtes64 monitor ds_cpl vmx est tm2 ssse3 cx16 xtpr pdcm sse4_1 sse4_2 popcnt lahf_lm arat dtherm tpr_shadow vnmi flexpriority ept vpid
bogomips	: 4256.29
clflush size	: 64
cache_alignment	: 64
address sizes	: 36 bits physical, 48 bits virtual
power management:

processor	: 1
vendor_id	: GenuineIntel
cpu family	: 6
model		: 37
model name	: Intel(R) Core(TM) i3 CPU       M 330  @ 2.13GHz
stepping	: 2
microcode	: 0x8
cpu MHz		: 933.000
cache size	: 3072 KB
physical id	: 0
siblings	: 4
core id		: 2
cpu cores	: 2
apicid		: 4
initial apicid	: 4
fpu		: yes
fpu_exception	: yes
cpuid level	: 11
wp		: yes
flags		: fpu vme de pse tsc msr pae mce cx8 apic sep mtrr pge mca cmov pat pse36 clflush dts acpi mmx fxsr sse sse2 ss ht tm pbe syscall nx rdtscp lm constant_tsc arch_perfmon pebs bts rep_good nopl xtopology nonstop_tsc aperfmperf pni dtes64 monitor ds_cpl vmx est tm2 ssse3 cx16 xtpr pdcm sse4_1 sse4_2 popcnt lahf_lm arat dtherm tpr_shadow vnmi flexpriority ept vpid
bogomips	: 4256.29
clflush size	: 64
cache_alignment	: 64
address sizes	: 36 bits physical, 48 bits virtual
power management:

processor	: 2
vendor_id	: GenuineIntel
cpu family	: 6
model		: 37
model name	: Intel(R) Core(TM) i3 CPU       M 330  @ 2.13GHz
stepping	: 2
microcode	: 0x8
cpu MHz		: 2133.000
cache size	: 3072 KB
physical id	: 0
siblings	: 4
core id		: 0
cpu cores	: 2
apicid		: 1
initial apicid	: 1
fpu		: yes
fpu_exception	: yes
cpuid level	: 11
wp		: yes
flags		: fpu vme de pse tsc msr pae mce cx8 apic sep mtrr pge mca cmov pat pse36 clflush dts acpi mmx fxsr sse sse2 ss ht tm pbe syscall nx rdtscp lm constant_tsc arch_perfmon pebs bts rep_good nopl xtopology nonstop_tsc aperfmperf pni dtes64 monitor ds_cpl vmx est tm2 ssse3 cx16 xtpr pdcm sse4_1 sse4_2 popcnt lahf_lm arat dtherm tpr_shadow vnmi flexpriority ept vpid
bogomips	: 4256.29
clflush size	: 64
cache_alignment	: 64
address sizes	: 36 bits physical, 48 bits virtual
power management:

processor	: 3
vendor_id	: GenuineIntel
cpu family	: 6
model		: 37
model name	: Intel(R) Core(TM) i3 CPU       M 330  @ 2.13GHz
stepping	: 2
microcode	: 0x8
cpu MHz		: 2133.000
cache size	: 3072 KB
physical id	: 0
siblings	: 4
core id		: 2
cpu cores	: 2
apicid		: 5
initial apicid	: 5
fpu		: yes
fpu_exception	: yes
cpuid level	: 11
wp		: yes
flags		: fpu vme de pse tsc msr pae mce cx8 apic sep mtrr pge mca cmov pat pse36 clflush dts acpi mmx fxsr sse sse2 ss ht tm pbe syscall nx rdtscp lm constant_tsc arch_perfmon pebs bts rep_good nopl xtopology nonstop_tsc aperfmperf pni dtes64 monitor ds_cpl vmx est tm2 ssse3 cx16 xtpr pdcm sse4_1 sse4_2 popcnt lahf_lm arat dtherm tpr_shadow vnmi flexpriority ept vpid
bogomips	: 4256.29
clflush size	: 64
cache_alignment	: 64
address sizes	: 36 bits physical, 48 bits virtual
power management:



Memory: 4k page, physical 3908128k(263976k free), swap 0k(0k free)

vm_info: OpenJDK 64-Bit Server VM (23.7-b01) for linux-amd64 JRE (1.7.0_25-b30), built on Oct 11 2013 18:04:12 by "buildd" with gcc 4.8.1

time: Mon Dec 16 16:47:27 2013
elapsed time: 0 seconds

