#
# A fatal error has been detected by the Java Runtime Environment:
#
#  Internal Error (javaClasses.cpp:129), pid=6608, tid=140453113816832
#  fatal error: Invalid layout of preloaded class
#
# JRE version: 7.0_25-b30
# Java VM: OpenJDK 64-Bit Server VM (23.7-b01 mixed mode linux-amd64 compressed oops)
# Failed to write core dump. Core dumps have been disabled. To enable core dumping, try "ulimit -c unlimited" before starting Java again
#
# If you would like to submit a bug report, please include
# instructions on how to reproduce the bug and visit:
#   https://bugs.launchpad.net/ubuntu/+source/openjdk-7/
#

---------------  T H R E A D  ---------------

Current thread (0x00007fbdc0009000):  JavaThread "Unknown thread" [_thread_in_vm, id=6610, stack(0x00007fbdc9e4e000,0x00007fbdc9f4f000)]

Stack: [0x00007fbdc9e4e000,0x00007fbdc9f4f000],  sp=0x00007fbdc9f4d940,  free space=1022k
Native frames: (J=compiled Java code, j=interpreted, Vv=VM code, C=native code)
V  [libjvm.so+0x87092b]  VMError::report_and_die()+0x16b
V  [libjvm.so+0x3edba4]  report_fatal(char const*, int, char const*)+0x54
V  [libjvm.so+0x52fc52]  compute_offset(int&, klassOopDesc*, Symbol*, Symbol*, bool) [clone .constprop.123]+0x102
V  [libjvm.so+0x5303d6]  java_lang_String::compute_offsets()+0x36
V  [libjvm.so+0x7fcc3a]  SystemDictionary::initialize_preloaded_classes(Thread*)+0xaa
V  [libjvm.so+0x848f18]  Universe::genesis(Thread*)+0x458
V  [libjvm.so+0x849524]  universe2_init()+0x24
V  [libjvm.so+0x4e566a]  init_globals()+0x9a
V  [libjvm.so+0x82d702]  Threads::create_vm(JavaVMInitArgs*, bool*)+0x3a2
V  [libjvm.so+0x54e7fd]  JNI_CreateJavaVM+0x4d
C  [libjli.so+0x2b18]  __strcat_chk+0x2b18


---------------  P R O C E S S  ---------------

Java Threads: ( => current thread )

Other Threads:

=>0x00007fbdc0009000 (exited) JavaThread "Unknown thread" [_thread_in_vm, id=6610, stack(0x00007fbdc9e4e000,0x00007fbdc9f4f000)]

VM state:not at safepoint (not fully initialized)

VM Mutex/Monitor currently owned by a thread: None

GC Heap History (0 events):
No events

Deoptimization events (0 events):
No events

Internal exceptions (0 events):
No events

Events (10 events):
Event: 0.011 loading class 0x00007fbdc002ae00 done
Event: 0.011 loading class 0x00007fbdc002a6a0 done
Event: 0.011 loading class 0x00007fbdc002a670
Event: 0.011 loading class 0x00007fbdc0055e80
Event: 0.011 loading class 0x00007fbdc0055e80 done
Event: 0.011 loading class 0x00007fbdc0055ec0
Event: 0.011 loading class 0x00007fbdc0055ec0 done
Event: 0.011 loading class 0x00007fbdc0055f00
Event: 0.012 loading class 0x00007fbdc0055f00 done
Event: 0.012 loading class 0x00007fbdc002a670 done


Dynamic libraries:
00400000-00401000 r-xp 00000000 08:06 3550792                            /usr/lib/jvm/java-7-openjdk-amd64/jre/bin/java
00600000-00601000 r--p 00000000 08:06 3550792                            /usr/lib/jvm/java-7-openjdk-amd64/jre/bin/java
00601000-00602000 rw-p 00001000 08:06 3550792                            /usr/lib/jvm/java-7-openjdk-amd64/jre/bin/java
024db000-024fc000 rw-p 00000000 00:00 0                                  [heap]
b9e00000-bb2c0000 rw-p 00000000 00:00 0 
bb2c0000-c4400000 rw-p 00000000 00:00 0 
c4400000-c6bd0000 rw-p 00000000 00:00 0 
c6bd0000-ec160000 rw-p 00000000 00:00 0 
ec160000-ed540000 rw-p 00000000 00:00 0 
ed540000-100000000 rw-p 00000000 00:00 0 
7fbda8000000-7fbda8021000 rw-p 00000000 00:00 0 
7fbda8021000-7fbdac000000 ---p 00000000 00:00 0 
7fbdac000000-7fbdac021000 rw-p 00000000 00:00 0 
7fbdac021000-7fbdb0000000 ---p 00000000 00:00 0 
7fbdb0000000-7fbdb0021000 rw-p 00000000 00:00 0 
7fbdb0021000-7fbdb4000000 ---p 00000000 00:00 0 
7fbdb8000000-7fbdb8021000 rw-p 00000000 00:00 0 
7fbdb8021000-7fbdbc000000 ---p 00000000 00:00 0 
7fbdbc46c000-7fbdbc665000 rw-p 00000000 00:00 0 
7fbdbc665000-7fbdbc73c000 r--s 013fe000 08:06 1984595                    /home/alex/Documents/Android sdk/platforms/android-19/android.jar
7fbdbc73c000-7fbdbd000000 rw-p 00000000 00:00 0 
7fbdbd000000-7fbdbd270000 rwxp 00000000 00:00 0 
7fbdbd270000-7fbdc0060000 rw-p 00000000 00:00 0 
7fbdc0060000-7fbdc4000000 ---p 00000000 00:00 0 
7fbdc4088000-7fbdc63fa000 rw-p 00000000 00:00 0 
7fbdc63fa000-7fbdc63fb000 ---p 00000000 00:00 0 
7fbdc63fb000-7fbdc64fb000 rw-p 00000000 00:00 0                          [stack:6614]
7fbdc64fb000-7fbdc64fc000 ---p 00000000 00:00 0 
7fbdc64fc000-7fbdc65fc000 rw-p 00000000 00:00 0                          [stack:6613]
7fbdc65fc000-7fbdc65fd000 ---p 00000000 00:00 0 
7fbdc65fd000-7fbdc66fd000 rw-p 00000000 00:00 0                          [stack:6612]
7fbdc66fd000-7fbdc66fe000 ---p 00000000 00:00 0 
7fbdc66fe000-7fbdc6809000 rw-p 00000000 00:00 0                          [stack:6611]
7fbdc6809000-7fbdc6851000 rw-p 00000000 00:00 0 
7fbdc6851000-7fbdc6865000 rw-p 00000000 00:00 0 
7fbdc6865000-7fbdc6990000 rw-p 00000000 00:00 0 
7fbdc6990000-7fbdc699b000 rw-p 00000000 00:00 0 
7fbdc699b000-7fbdc69e3000 rw-p 00000000 00:00 0 
7fbdc69e3000-7fbdc69f7000 rw-p 00000000 00:00 0 
7fbdc69f7000-7fbdc6b21000 rw-p 00000000 00:00 0 
7fbdc6b21000-7fbdc6b2c000 rw-p 00000000 00:00 0 
7fbdc6b2c000-7fbdc6bc1000 rw-p 00000000 00:00 0 
7fbdc6bc1000-7fbdc6bc2000 rw-p 00000000 00:00 0 
7fbdc6bc2000-7fbdc6bca000 r-xp 00000000 08:06 3550790                    /usr/lib/jvm/java-7-openjdk-amd64/jre/lib/amd64/libzip.so
7fbdc6bca000-7fbdc6dc9000 ---p 00008000 08:06 3550790                    /usr/lib/jvm/java-7-openjdk-amd64/jre/lib/amd64/libzip.so
7fbdc6dc9000-7fbdc6dca000 r--p 00007000 08:06 3550790                    /usr/lib/jvm/java-7-openjdk-amd64/jre/lib/amd64/libzip.so
7fbdc6dca000-7fbdc6dcb000 rw-p 00008000 08:06 3550790                    /usr/lib/jvm/java-7-openjdk-amd64/jre/lib/amd64/libzip.so
7fbdc6dcb000-7fbdc6dd7000 r-xp 00000000 08:06 3163503                    /lib/x86_64-linux-gnu/libnss_files-2.17.so
7fbdc6dd7000-7fbdc6fd6000 ---p 0000c000 08:06 3163503                    /lib/x86_64-linux-gnu/libnss_files-2.17.so
7fbdc6fd6000-7fbdc6fd7000 r--p 0000b000 08:06 3163503                    /lib/x86_64-linux-gnu/libnss_files-2.17.so
7fbdc6fd7000-7fbdc6fd8000 rw-p 0000c000 08:06 3163503                    /lib/x86_64-linux-gnu/libnss_files-2.17.so
7fbdc6fd8000-7fbdc6fe3000 r-xp 00000000 08:06 3162743                    /lib/x86_64-linux-gnu/libnss_nis-2.17.so
7fbdc6fe3000-7fbdc71e2000 ---p 0000b000 08:06 3162743                    /lib/x86_64-linux-gnu/libnss_nis-2.17.so
7fbdc71e2000-7fbdc71e3000 r--p 0000a000 08:06 3162743                    /lib/x86_64-linux-gnu/libnss_nis-2.17.so
7fbdc71e3000-7fbdc71e4000 rw-p 0000b000 08:06 3162743                    /lib/x86_64-linux-gnu/libnss_nis-2.17.so
7fbdc71e4000-7fbdc71fb000 r-xp 00000000 08:06 3151920                    /lib/x86_64-linux-gnu/libnsl-2.17.so
7fbdc71fb000-7fbdc73fa000 ---p 00017000 08:06 3151920                    /lib/x86_64-linux-gnu/libnsl-2.17.so
7fbdc73fa000-7fbdc73fb000 r--p 00016000 08:06 3151920                    /lib/x86_64-linux-gnu/libnsl-2.17.so
7fbdc73fb000-7fbdc73fc000 rw-p 00017000 08:06 3151920                    /lib/x86_64-linux-gnu/libnsl-2.17.so
7fbdc73fc000-7fbdc73fe000 rw-p 00000000 00:00 0 
7fbdc73fe000-7fbdc7406000 r-xp 00000000 08:06 3158056                    /lib/x86_64-linux-gnu/libnss_compat-2.17.so
7fbdc7406000-7fbdc7605000 ---p 00008000 08:06 3158056                    /lib/x86_64-linux-gnu/libnss_compat-2.17.so
7fbdc7605000-7fbdc7606000 r--p 00007000 08:06 3158056                    /lib/x86_64-linux-gnu/libnss_compat-2.17.so
7fbdc7606000-7fbdc7607000 rw-p 00008000 08:06 3158056                    /lib/x86_64-linux-gnu/libnss_compat-2.17.so
7fbdc7607000-7fbdc7632000 r-xp 00000000 08:06 3550773                    /usr/lib/jvm/java-7-openjdk-amd64/jre/lib/amd64/libjava.so
7fbdc7632000-7fbdc7831000 ---p 0002b000 08:06 3550773                    /usr/lib/jvm/java-7-openjdk-amd64/jre/lib/amd64/libjava.so
7fbdc7831000-7fbdc7832000 r--p 0002a000 08:06 3550773                    /usr/lib/jvm/java-7-openjdk-amd64/jre/lib/amd64/libjava.so
7fbdc7832000-7fbdc7834000 rw-p 0002b000 08:06 3550773                    /usr/lib/jvm/java-7-openjdk-amd64/jre/lib/amd64/libjava.so
7fbdc7834000-7fbdc7844000 r-xp 00000000 08:06 3550772                    /usr/lib/jvm/java-7-openjdk-amd64/jre/lib/amd64/libverify.so
7fbdc7844000-7fbdc7a43000 ---p 00010000 08:06 3550772                    /usr/lib/jvm/java-7-openjdk-amd64/jre/lib/amd64/libverify.so
7fbdc7a43000-7fbdc7a45000 r--p 0000f000 08:06 3550772                    /usr/lib/jvm/java-7-openjdk-amd64/jre/lib/amd64/libverify.so
7fbdc7a45000-7fbdc7a46000 rw-p 00011000 08:06 3550772                    /usr/lib/jvm/java-7-openjdk-amd64/jre/lib/amd64/libverify.so
7fbdc7a46000-7fbdc7a4d000 r-xp 00000000 08:06 3163504                    /lib/x86_64-linux-gnu/librt-2.17.so
7fbdc7a4d000-7fbdc7c4c000 ---p 00007000 08:06 3163504                    /lib/x86_64-linux-gnu/librt-2.17.so
7fbdc7c4c000-7fbdc7c4d000 r--p 00006000 08:06 3163504                    /lib/x86_64-linux-gnu/librt-2.17.so
7fbdc7c4d000-7fbdc7c4e000 rw-p 00007000 08:06 3163504                    /lib/x86_64-linux-gnu/librt-2.17.so
7fbdc7c4e000-7fbdc7c63000 r-xp 00000000 08:06 3156953                    /lib/x86_64-linux-gnu/libgcc_s.so.1
7fbdc7c63000-7fbdc7e62000 ---p 00015000 08:06 3156953                    /lib/x86_64-linux-gnu/libgcc_s.so.1
7fbdc7e62000-7fbdc7e63000 r--p 00014000 08:06 3156953                    /lib/x86_64-linux-gnu/libgcc_s.so.1
7fbdc7e63000-7fbdc7e64000 rw-p 00015000 08:06 3156953                    /lib/x86_64-linux-gnu/libgcc_s.so.1
7fbdc7e64000-7fbdc7f67000 r-xp 00000000 08:06 3158062                    /lib/x86_64-linux-gnu/libm-2.17.so
7fbdc7f67000-7fbdc8166000 ---p 00103000 08:06 3158062                    /lib/x86_64-linux-gnu/libm-2.17.so
7fbdc8166000-7fbdc8167000 r--p 00102000 08:06 3158062                    /lib/x86_64-linux-gnu/libm-2.17.so
7fbdc8167000-7fbdc8168000 rw-p 00103000 08:06 3158062                    /lib/x86_64-linux-gnu/libm-2.17.so
7fbdc8168000-7fbdc824e000 r-xp 00000000 08:06 3545989                    /usr/lib/x86_64-linux-gnu/libstdc++.so.6.0.18
7fbdc824e000-7fbdc844d000 ---p 000e6000 08:06 3545989                    /usr/lib/x86_64-linux-gnu/libstdc++.so.6.0.18
7fbdc844d000-7fbdc8455000 r--p 000e5000 08:06 3545989                    /usr/lib/x86_64-linux-gnu/libstdc++.so.6.0.18
7fbdc8455000-7fbdc8457000 rw-p 000ed000 08:06 3545989                    /usr/lib/x86_64-linux-gnu/libstdc++.so.6.0.18
7fbdc8457000-7fbdc846c000 rw-p 00000000 00:00 0 
7fbdc846c000-7fbdc8e7a000 r-xp 00000000 08:06 3550777                    /usr/lib/jvm/java-7-openjdk-amd64/jre/lib/amd64/server/libjvm.so
7fbdc8e7a000-7fbdc9079000 ---p 00a0e000 08:06 3550777                    /usr/lib/jvm/java-7-openjdk-amd64/jre/lib/amd64/server/libjvm.so
7fbdc9079000-7fbdc90f2000 r--p 00a0d000 08:06 3550777                    /usr/lib/jvm/java-7-openjdk-amd64/jre/lib/amd64/server/libjvm.so
7fbdc90f2000-7fbdc9115000 rw-p 00a86000 08:06 3550777                    /usr/lib/jvm/java-7-openjdk-amd64/jre/lib/amd64/server/libjvm.so
7fbdc9115000-7fbdc9140000 rw-p 00000000 00:00 0 
7fbdc9140000-7fbdc9158000 r-xp 00000000 08:06 3155625                    /lib/x86_64-linux-gnu/libz.so.1.2.8
7fbdc9158000-7fbdc9357000 ---p 00018000 08:06 3155625                    /lib/x86_64-linux-gnu/libz.so.1.2.8
7fbdc9357000-7fbdc9358000 r--p 00017000 08:06 3155625                    /lib/x86_64-linux-gnu/libz.so.1.2.8
7fbdc9358000-7fbdc9359000 rw-p 00018000 08:06 3155625                    /lib/x86_64-linux-gnu/libz.so.1.2.8
7fbdc9359000-7fbdc9370000 r-xp 00000000 08:06 3163511                    /lib/x86_64-linux-gnu/libpthread-2.17.so
7fbdc9370000-7fbdc9570000 ---p 00017000 08:06 3163511                    /lib/x86_64-linux-gnu/libpthread-2.17.so
7fbdc9570000-7fbdc9571000 r--p 00017000 08:06 3163511                    /lib/x86_64-linux-gnu/libpthread-2.17.so
7fbdc9571000-7fbdc9572000 rw-p 00018000 08:06 3163511                    /lib/x86_64-linux-gnu/libpthread-2.17.so
7fbdc9572000-7fbdc9576000 rw-p 00000000 00:00 0 
7fbdc9576000-7fbdc9579000 r-xp 00000000 08:06 3163510                    /lib/x86_64-linux-gnu/libdl-2.17.so
7fbdc9579000-7fbdc9778000 ---p 00003000 08:06 3163510                    /lib/x86_64-linux-gnu/libdl-2.17.so
7fbdc9778000-7fbdc9779000 r--p 00002000 08:06 3163510                    /lib/x86_64-linux-gnu/libdl-2.17.so
7fbdc9779000-7fbdc977a000 rw-p 00003000 08:06 3163510                    /lib/x86_64-linux-gnu/libdl-2.17.so
7fbdc977a000-7fbdc9937000 r-xp 00000000 08:06 3163509                    /lib/x86_64-linux-gnu/libc-2.17.so
7fbdc9937000-7fbdc9b37000 ---p 001bd000 08:06 3163509                    /lib/x86_64-linux-gnu/libc-2.17.so
7fbdc9b37000-7fbdc9b3b000 r--p 001bd000 08:06 3163509                    /lib/x86_64-linux-gnu/libc-2.17.so
7fbdc9b3b000-7fbdc9b3d000 rw-p 001c1000 08:06 3163509                    /lib/x86_64-linux-gnu/libc-2.17.so
7fbdc9b3d000-7fbdc9b42000 rw-p 00000000 00:00 0 
7fbdc9b42000-7fbdc9b4f000 r-xp 00000000 08:06 3550755                    /usr/lib/jvm/java-7-openjdk-amd64/jre/lib/amd64/jli/libjli.so
7fbdc9b4f000-7fbdc9d4e000 ---p 0000d000 08:06 3550755                    /usr/lib/jvm/java-7-openjdk-amd64/jre/lib/amd64/jli/libjli.so
7fbdc9d4e000-7fbdc9d4f000 r--p 0000c000 08:06 3550755                    /usr/lib/jvm/java-7-openjdk-amd64/jre/lib/amd64/jli/libjli.so
7fbdc9d4f000-7fbdc9d50000 rw-p 0000d000 08:06 3550755                    /usr/lib/jvm/java-7-openjdk-amd64/jre/lib/amd64/jli/libjli.so
7fbdc9d50000-7fbdc9d73000 r-xp 00000000 08:06 3158065                    /lib/x86_64-linux-gnu/ld-2.17.so
7fbdc9d8e000-7fbdc9d98000 rw-p 00000000 00:00 0 
7fbdc9d98000-7fbdc9e4e000 rw-p 00000000 00:00 0 
7fbdc9e4e000-7fbdc9e51000 ---p 00000000 00:00 0 
7fbdc9e51000-7fbdc9f54000 rw-p 00000000 00:00 0                          [stack:6610]
7fbdc9f64000-7fbdc9f66000 rw-p 00000000 00:00 0 
7fbdc9f66000-7fbdc9f6e000 rw-s 00000000 08:06 1970996                    /tmp/hsperfdata_alex/6608
7fbdc9f6e000-7fbdc9f6f000 rw-p 00000000 00:00 0 
7fbdc9f6f000-7fbdc9f70000 r--p 00000000 00:00 0 
7fbdc9f70000-7fbdc9f72000 rw-p 00000000 00:00 0 
7fbdc9f72000-7fbdc9f73000 r--p 00022000 08:06 3158065                    /lib/x86_64-linux-gnu/ld-2.17.so
7fbdc9f73000-7fbdc9f75000 rw-p 00023000 08:06 3158065                    /lib/x86_64-linux-gnu/ld-2.17.so
7fffbce3a000-7fffbce5b000 rw-p 00000000 00:00 0                          [stack]
7fffbcff4000-7fffbcff6000 r-xp 00000000 00:00 0                          [vdso]
ffffffffff600000-ffffffffff601000 r-xp 00000000 00:00 0                  [vsyscall]

VM Arguments:
jvm_args: -Dfile.encoding=UTF-8 -Xbootclasspath:/home/alex/Documents/Android sdk/platforms/android-19/android.jar 
java_command: uk.org.sucu.tatupload.message.Parser
Launcher Type: SUN_STANDARD

Environment Variables:
PATH=/usr/lib/lightdm/lightdm:/usr/local/sbin:/usr/local/bin:/usr/sbin:/usr/bin:/sbin:/bin:/usr/games:/usr/local/games
SHELL=/bin/bash
DISPLAY=:0

Signal Handlers:
SIGSEGV: [libjvm.so+0x871410], sa_mask[0]=0x7ffbfeff, sa_flags=0x10000004
SIGBUS: [libjvm.so+0x871410], sa_mask[0]=0x7ffbfeff, sa_flags=0x10000004
SIGFPE: [libjvm.so+0x709540], sa_mask[0]=0x7ffbfeff, sa_flags=0x10000004
SIGPIPE: [libjvm.so+0x709540], sa_mask[0]=0x7ffbfeff, sa_flags=0x10000004
SIGXFSZ: [libjvm.so+0x709540], sa_mask[0]=0x7ffbfeff, sa_flags=0x10000004
SIGILL: [libjvm.so+0x709540], sa_mask[0]=0x7ffbfeff, sa_flags=0x10000004
SIGUSR1: SIG_DFL, sa_mask[0]=0x00000000, sa_flags=0x00000000
SIGUSR2: [libjvm.so+0x709270], sa_mask[0]=0x00000004, sa_flags=0x10000004
SIGHUP: SIG_DFL, sa_mask[0]=0x00000000, sa_flags=0x00000000
SIGINT: SIG_DFL, sa_mask[0]=0x00000000, sa_flags=0x00000000
SIGTERM: SIG_DFL, sa_mask[0]=0x00000000, sa_flags=0x00000000
SIGQUIT: SIG_DFL, sa_mask[0]=0x00000000, sa_flags=0x00000000


---------------  S Y S T E M  ---------------

OS:Ubuntu 13.10 (saucy)
uname:Linux 3.11.0-15-generic #23-Ubuntu SMP Mon Dec 9 18:17:04 UTC 2013 x86_64
libc:glibc 2.17 NPTL 2.17 
rlimit: STACK 8192k, CORE 0k, NPROC 30373, NOFILE 4096, AS infinity
load average:0.36 0.37 0.34

/proc/meminfo:
MemTotal:        3908072 kB
MemFree:          187392 kB
Buffers:          472664 kB
Cached:          1351520 kB
SwapCached:            0 kB
Active:          2284720 kB
Inactive:        1144228 kB
Active(anon):    1608164 kB
Inactive(anon):     6956 kB
Active(file):     676556 kB
Inactive(file):  1137272 kB
Unevictable:          48 kB
Mlocked:              48 kB
SwapTotal:             0 kB
SwapFree:              0 kB
Dirty:                60 kB
Writeback:             0 kB
AnonPages:       1605044 kB
Mapped:           200352 kB
Shmem:             10224 kB
Slab:             171616 kB
SReclaimable:     131744 kB
SUnreclaim:        39872 kB
KernelStack:        4832 kB
PageTables:        42600 kB
NFS_Unstable:          0 kB
Bounce:                0 kB
WritebackTmp:          0 kB
CommitLimit:     1954036 kB
Committed_AS:    5505196 kB
VmallocTotal:   34359738367 kB
VmallocUsed:      286460 kB
VmallocChunk:   34359423976 kB
HardwareCorrupted:     0 kB
AnonHugePages:         0 kB
HugePages_Total:       0
HugePages_Free:        0
HugePages_Rsvd:        0
HugePages_Surp:        0
Hugepagesize:       2048 kB
DirectMap4k:       78740 kB
DirectMap2M:     3973120 kB


CPU:total 4 (2 cores per cpu, 2 threads per core) family 6 model 37 stepping 2, cmov, cx8, fxsr, mmx, sse, sse2, sse3, ssse3, sse4.1, sse4.2, popcnt, ht, tsc, tscinvbit

/proc/cpuinfo:
processor	: 0
vendor_id	: GenuineIntel
cpu family	: 6
model		: 37
model name	: Intel(R) Core(TM) i3 CPU       M 330  @ 2.13GHz
stepping	: 2
microcode	: 0x8
cpu MHz		: 2133.000
cache size	: 3072 KB
physical id	: 0
siblings	: 4
core id		: 0
cpu cores	: 2
apicid		: 0
initial apicid	: 0
fpu		: yes
fpu_exception	: yes
cpuid level	: 11
wp		: yes
flags		: fpu vme de pse tsc msr pae mce cx8 apic sep mtrr pge mca cmov pat pse36 clflush dts acpi mmx fxsr sse sse2 ss ht tm pbe syscall nx rdtscp lm constant_tsc arch_perfmon pebs bts rep_good nopl xtopology nonstop_tsc aperfmperf pni dtes64 monitor ds_cpl vmx est tm2 ssse3 cx16 xtpr pdcm sse4_1 sse4_2 popcnt lahf_lm arat dtherm tpr_shadow vnmi flexpriority ept vpid
bogomips	: 4255.95
clflush size	: 64
cache_alignment	: 64
address sizes	: 36 bits physical, 48 bits virtual
power management:

processor	: 1
vendor_id	: GenuineIntel
cpu family	: 6
model		: 37
model name	: Intel(R) Core(TM) i3 CPU       M 330  @ 2.13GHz
stepping	: 2
microcode	: 0x8
cpu MHz		: 933.000
cache size	: 3072 KB
physical id	: 0
siblings	: 4
core id		: 2
cpu cores	: 2
apicid		: 4
initial apicid	: 4
fpu		: yes
fpu_exception	: yes
cpuid level	: 11
wp		: yes
flags		: fpu vme de pse tsc msr pae mce cx8 apic sep mtrr pge mca cmov pat pse36 clflush dts acpi mmx fxsr sse sse2 ss ht tm pbe syscall nx rdtscp lm constant_tsc arch_perfmon pebs bts rep_good nopl xtopology nonstop_tsc aperfmperf pni dtes64 monitor ds_cpl vmx est tm2 ssse3 cx16 xtpr pdcm sse4_1 sse4_2 popcnt lahf_lm arat dtherm tpr_shadow vnmi flexpriority ept vpid
bogomips	: 4255.95
clflush size	: 64
cache_alignment	: 64
address sizes	: 36 bits physical, 48 bits virtual
power management:

processor	: 2
vendor_id	: GenuineIntel
cpu family	: 6
model		: 37
model name	: Intel(R) Core(TM) i3 CPU       M 330  @ 2.13GHz
stepping	: 2
microcode	: 0x8
cpu MHz		: 2133.000
cache size	: 3072 KB
physical id	: 0
siblings	: 4
core id		: 0
cpu cores	: 2
apicid		: 1
initial apicid	: 1
fpu		: yes
fpu_exception	: yes
cpuid level	: 11
wp		: yes
flags		: fpu vme de pse tsc msr pae mce cx8 apic sep mtrr pge mca cmov pat pse36 clflush dts acpi mmx fxsr sse sse2 ss ht tm pbe syscall nx rdtscp lm constant_tsc arch_perfmon pebs bts rep_good nopl xtopology nonstop_tsc aperfmperf pni dtes64 monitor ds_cpl vmx est tm2 ssse3 cx16 xtpr pdcm sse4_1 sse4_2 popcnt lahf_lm arat dtherm tpr_shadow vnmi flexpriority ept vpid
bogomips	: 4255.95
clflush size	: 64
cache_alignment	: 64
address sizes	: 36 bits physical, 48 bits virtual
power management:

processor	: 3
vendor_id	: GenuineIntel
cpu family	: 6
model		: 37
model name	: Intel(R) Core(TM) i3 CPU       M 330  @ 2.13GHz
stepping	: 2
microcode	: 0x8
cpu MHz		: 933.000
cache size	: 3072 KB
physical id	: 0
siblings	: 4
core id		: 2
cpu cores	: 2
apicid		: 5
initial apicid	: 5
fpu		: yes
fpu_exception	: yes
cpuid level	: 11
wp		: yes
flags		: fpu vme de pse tsc msr pae mce cx8 apic sep mtrr pge mca cmov pat pse36 clflush dts acpi mmx fxsr sse sse2 ss ht tm pbe syscall nx rdtscp lm constant_tsc arch_perfmon pebs bts rep_good nopl xtopology nonstop_tsc aperfmperf pni dtes64 monitor ds_cpl vmx est tm2 ssse3 cx16 xtpr pdcm sse4_1 sse4_2 popcnt lahf_lm arat dtherm tpr_shadow vnmi flexpriority ept vpid
bogomips	: 4255.95
clflush size	: 64
cache_alignment	: 64
address sizes	: 36 bits physical, 48 bits virtual
power management:



Memory: 4k page, physical 3908072k(187392k free), swap 0k(0k free)

vm_info: OpenJDK 64-Bit Server VM (23.7-b01) for linux-amd64 JRE (1.7.0_25-b30), built on Oct 11 2013 18:04:12 by "buildd" with gcc 4.8.1

time: Fri Jan 24 14:32:37 2014
elapsed time: 0 seconds

